Removed Pin From Net: NetName=5V_ESP32_RETURN Pin=C4-1
Removed Pin From Net: NetName=5V_ESP32 Pin=C4-2
Removed Pin From Net: NetName=5V_ESP32_RETURN Pin=C5-1
Removed Pin From Net: NetName=5V_ESP32 Pin=C5-2
Removed Pin From Net: NetName=5V_ESP32_RETURN Pin=ENC2-1
Removed Pin From Net: NetName=5V_ESP32 Pin=ENC2-2
Removed Pin From Net: NetName=NetENC1_1 Pin=R6-1
Removed Pin From Net: NetName=M1_ENC_B Pin=R6-2
Removed Pin From Net: NetName=M2_ENC_B Pin=R8-2
Removed Pin From Net: NetName=M2_ENC_A Pin=R11-1
Removed Pin From Net: NetName=5V_ESP32_RETURN Pin=R11-2
Removed Pin From Net: NetName=M2_ENC_B Pin=R12-1
Removed Pin From Net: NetName=5V_ESP32_RETURN Pin=R12-2
Removed Member From Class: ClassName=esp32 Member=C4
Removed Member From Class: ClassName=esp32 Member=C5
Change Component Designator: OldDesignator=J1 NewDesignator=PI
Change Component Designator: OldDesignator=J2 NewDesignator=PWM
Added Pin To Net: NetName=5V_ESP32 Pin=ENC2-3
Added Pin To Net: NetName=5V_ESP32_RETURN Pin=ENC2-4
Added Pin To Net: NetName=M1_ENC_B Pin=R6-1
Added Pin To Net: NetName=NetENC1_1 Pin=R6-2
Added Pin To Net: NetName=M2_ENC_B Pin=R8-1
Added Pin To Net: NetName=5V_ESP32_RETURN Pin=R11-1
Added Pin To Net: NetName=M2_ENC_A Pin=R11-2
Added Pin To Net: NetName=5V_ESP32_RETURN Pin=R12-1
Added Pin To Net: NetName=M2_ENC_B Pin=R12-2
Added Pin To Net: NetName=NetENC2_1 Pin=ENC2-1
Added Pin To Net: NetName=NetENC2_1 Pin=R8-2
Added Net: Name=NetENC2_1
Added Pin To Net: NetName=NetENC2_2 Pin=ENC2-2
Added Pin To Net: NetName=NetENC2_2 Pin=R7-2
Added Net: Name=NetENC2_2
