Removed Pin From Net: NetName=3V3 Pin=C1-1
Removed Pin From Net: NetName=3V3_RETURN Pin=C1-2
Removed Pin From Net: NetName=3V3_RETURN Pin=C2-1
Removed Pin From Net: NetName=3V3 Pin=C2-2
Removed Pin From Net: NetName=5V_ESP32 Pin=C3-1
Removed Pin From Net: NetName=5V_ESP32_RETURN Pin=C3-2
Removed Pin From Net: NetName=M2_NEG Pin=J3-1
Removed Pin From Net: NetName=M2_POS Pin=J3-2
Removed Pin From Net: NetName=M1_NEG Pin=J3-3
Removed Pin From Net: NetName=M1_POS Pin=J3-4
Removed Member From Class: ClassName=esp32 Member=C1
Removed Member From Class: ClassName=esp32 Member=C2
Removed Member From Class: ClassName=esp32 Member=C3
Removed Member From Class: ClassName=esp32 Member=J3
Change Component Footprint: Designator=R9 Old Footprint=FP-ERJPB3-MFG New Footprint=RESC3225X70X50LL20T20
Change Component Footprint: Designator=R10 Old Footprint=FP-ERJPB3-MFG New Footprint=RESC3225X70X50LL20T20
Change Component Footprint: Designator=R11 Old Footprint=FP-ERJPB3-MFG New Footprint=RESC3225X70X50LL20T20
Change Component Footprint: Designator=R12 Old Footprint=FP-ERJPB3-MFG New Footprint=RESC3225X70X50LL20T20
Change Component Footprint: Designator=R1 Old Footprint=RESC1005X40X25LL05T05 New Footprint=RESC2013X60X35LL10T20
Change Component Footprint: Designator=R2 Old Footprint=RESC1005X40X25LL05T05 New Footprint=RESC2013X60X35LL10T20
Change Component Footprint: Designator=R3 Old Footprint=RESC1005X40X25LL05T05 New Footprint=RESC2013X60X35LL10T20
Change Component Footprint: Designator=R4 Old Footprint=RESC1005X40X25LL05T05 New Footprint=RESC2013X60X35LL10T20
Change Component Footprint: Designator=R5 Old Footprint=RESC1005X40X25LL05T05 New Footprint=RESC2013X60X35LL10T20
Change Component Footprint: Designator=R6 Old Footprint=RESC1005X40X25LL05T05 New Footprint=RESC2013X60X35LL10T20
Change Component Footprint: Designator=R7 Old Footprint=RESC1005X40X25LL05T05 New Footprint=RESC2013X60X35LL10T20
Change Component Footprint: Designator=R8 Old Footprint=RESC1005X40X25LL05T05 New Footprint=RESC2013X60X35LL10T20
Change Component Comment : Designator=R1 Old Comment=10K New Comment=10k 125mW 1%
Change Component Comment : Designator=R2 Old Comment=10K New Comment=10k 125mW 1%
Change Component Comment : Designator=R3 Old Comment=10K New Comment=10k 125mW 1%
Change Component Comment : Designator=R4 Old Comment=10K New Comment=10k 125mW 1%
Change Component Comment : Designator=R5 Old Comment=10K New Comment=10k 125mW 1%
Change Component Comment : Designator=R6 Old Comment=10K New Comment=10k 125mW 1%
Change Component Comment : Designator=R7 Old Comment=10K New Comment=10k 125mW 1%
Change Component Comment : Designator=R8 Old Comment=10K New Comment=10k 125mW 1%
Change Component Comment : Designator=R9 Old Comment=20K New Comment=ERJP14F2002U
Change Component Comment : Designator=R10 Old Comment=20K New Comment=ERJP14F2002U
Change Component Comment : Designator=R11 Old Comment=20K New Comment=ERJP14F2002U
Change Component Comment : Designator=R12 Old Comment=20K New Comment=ERJP14F2002U
Change Managed Component Library Link : Designator=R9 Old VaultGUID=B7D15EC3-160A-466F-A46C-7801FE6295A7 New VaultGUID=B7D15EC3-160A-466F-A46C-7801FE6295A7 Old ItemGUID=316CCF99-BDA8-4F49-BDFD-4A4EBE5ED749 New ItemGUID=8736C6BF-88E6-4767-BA6E-0514827F8F31 Old RevisionGUID=FD6C6419-2804-444C-9C61-8439B0631E35 New RevisionGUID=8DFF65F3-5E12-4115-8C95-3F8954B49998
Change Managed Component Library Link : Designator=R10 Old VaultGUID=B7D15EC3-160A-466F-A46C-7801FE6295A7 New VaultGUID=B7D15EC3-160A-466F-A46C-7801FE6295A7 Old ItemGUID=316CCF99-BDA8-4F49-BDFD-4A4EBE5ED749 New ItemGUID=8736C6BF-88E6-4767-BA6E-0514827F8F31 Old RevisionGUID=FD6C6419-2804-444C-9C61-8439B0631E35 New RevisionGUID=8DFF65F3-5E12-4115-8C95-3F8954B49998
Change Managed Component Library Link : Designator=R11 Old VaultGUID=B7D15EC3-160A-466F-A46C-7801FE6295A7 New VaultGUID=B7D15EC3-160A-466F-A46C-7801FE6295A7 Old ItemGUID=316CCF99-BDA8-4F49-BDFD-4A4EBE5ED749 New ItemGUID=8736C6BF-88E6-4767-BA6E-0514827F8F31 Old RevisionGUID=FD6C6419-2804-444C-9C61-8439B0631E35 New RevisionGUID=8DFF65F3-5E12-4115-8C95-3F8954B49998
Change Managed Component Library Link : Designator=R12 Old VaultGUID=B7D15EC3-160A-466F-A46C-7801FE6295A7 New VaultGUID=B7D15EC3-160A-466F-A46C-7801FE6295A7 Old ItemGUID=316CCF99-BDA8-4F49-BDFD-4A4EBE5ED749 New ItemGUID=8736C6BF-88E6-4767-BA6E-0514827F8F31 Old RevisionGUID=FD6C6419-2804-444C-9C61-8439B0631E35 New RevisionGUID=8DFF65F3-5E12-4115-8C95-3F8954B49998
Change Managed Component Library Link : Designator=R1 Old VaultGUID=B7D15EC3-160A-466F-A46C-7801FE6295A7 New VaultGUID=485B271A-6EC9-43AC-A45A-E580BBCFB6D6 Old ItemGUID=D3B00995-AAA7-42D9-BD32-498B5D362E93 New ItemGUID=090c23fd-ce7a-4280-8ed5-0d55e8937e1b Old RevisionGUID=75A2D6CB-B21A-4156-9591-9EC9FB40CF5D New RevisionGUID=c8e3e978-49ed-4035-b20e-913522fcd25a
Change Managed Component Library Link : Designator=R2 Old VaultGUID=B7D15EC3-160A-466F-A46C-7801FE6295A7 New VaultGUID=485B271A-6EC9-43AC-A45A-E580BBCFB6D6 Old ItemGUID=D3B00995-AAA7-42D9-BD32-498B5D362E93 New ItemGUID=090c23fd-ce7a-4280-8ed5-0d55e8937e1b Old RevisionGUID=75A2D6CB-B21A-4156-9591-9EC9FB40CF5D New RevisionGUID=c8e3e978-49ed-4035-b20e-913522fcd25a
Change Managed Component Library Link : Designator=R3 Old VaultGUID=B7D15EC3-160A-466F-A46C-7801FE6295A7 New VaultGUID=485B271A-6EC9-43AC-A45A-E580BBCFB6D6 Old ItemGUID=D3B00995-AAA7-42D9-BD32-498B5D362E93 New ItemGUID=090c23fd-ce7a-4280-8ed5-0d55e8937e1b Old RevisionGUID=75A2D6CB-B21A-4156-9591-9EC9FB40CF5D New RevisionGUID=c8e3e978-49ed-4035-b20e-913522fcd25a
Change Managed Component Library Link : Designator=R4 Old VaultGUID=B7D15EC3-160A-466F-A46C-7801FE6295A7 New VaultGUID=485B271A-6EC9-43AC-A45A-E580BBCFB6D6 Old ItemGUID=D3B00995-AAA7-42D9-BD32-498B5D362E93 New ItemGUID=090c23fd-ce7a-4280-8ed5-0d55e8937e1b Old RevisionGUID=75A2D6CB-B21A-4156-9591-9EC9FB40CF5D New RevisionGUID=c8e3e978-49ed-4035-b20e-913522fcd25a
Change Managed Component Library Link : Designator=R5 Old VaultGUID=B7D15EC3-160A-466F-A46C-7801FE6295A7 New VaultGUID=485B271A-6EC9-43AC-A45A-E580BBCFB6D6 Old ItemGUID=D3B00995-AAA7-42D9-BD32-498B5D362E93 New ItemGUID=090c23fd-ce7a-4280-8ed5-0d55e8937e1b Old RevisionGUID=75A2D6CB-B21A-4156-9591-9EC9FB40CF5D New RevisionGUID=c8e3e978-49ed-4035-b20e-913522fcd25a
Change Managed Component Library Link : Designator=R6 Old VaultGUID=B7D15EC3-160A-466F-A46C-7801FE6295A7 New VaultGUID=485B271A-6EC9-43AC-A45A-E580BBCFB6D6 Old ItemGUID=D3B00995-AAA7-42D9-BD32-498B5D362E93 New ItemGUID=090c23fd-ce7a-4280-8ed5-0d55e8937e1b Old RevisionGUID=75A2D6CB-B21A-4156-9591-9EC9FB40CF5D New RevisionGUID=c8e3e978-49ed-4035-b20e-913522fcd25a
Change Managed Component Library Link : Designator=R7 Old VaultGUID=B7D15EC3-160A-466F-A46C-7801FE6295A7 New VaultGUID=485B271A-6EC9-43AC-A45A-E580BBCFB6D6 Old ItemGUID=D3B00995-AAA7-42D9-BD32-498B5D362E93 New ItemGUID=090c23fd-ce7a-4280-8ed5-0d55e8937e1b Old RevisionGUID=75A2D6CB-B21A-4156-9591-9EC9FB40CF5D New RevisionGUID=c8e3e978-49ed-4035-b20e-913522fcd25a
Change Managed Component Library Link : Designator=R8 Old VaultGUID=B7D15EC3-160A-466F-A46C-7801FE6295A7 New VaultGUID=485B271A-6EC9-43AC-A45A-E580BBCFB6D6 Old ItemGUID=D3B00995-AAA7-42D9-BD32-498B5D362E93 New ItemGUID=090c23fd-ce7a-4280-8ed5-0d55e8937e1b Old RevisionGUID=75A2D6CB-B21A-4156-9591-9EC9FB40CF5D New RevisionGUID=c8e3e978-49ed-4035-b20e-913522fcd25a
Change component parameters: Designator = "R1" ("R1"); Footprint = "RESC1005X40X25LL05T05"; UniqueID = "\MVQMRASW" ("\MVQMRASW")
Change component parameters (AddParameter): Name = "Case/Package"; Value = "0805"; VariantName = "[No Variations]"
Change component parameters (AddParameter): Name = "ComponentLinkDescription"; Value = "Datasheet"; VariantName = "[No Variations]"
Change component parameters (AddParameter): Name = "ComponentLinkURL"; Value = "https://octopart.com/erj-6geyj103v-panasonic-55422885"; VariantName = "[No Variations]"
Change component parameters (AddParameter): Name = "Composition"; Value = "Thick Film"; VariantName = "[No Variations]"
Change component parameters (AddParameter): Name = "Contact Plating"; Value = "Tin"; VariantName = "[No Variations]"
Change component parameters (AddParameter): Name = "JESD-609 Code"; Value = ""; VariantName = "[No Variations]"
Change component parameters (AddParameter): Name = "Manufacturer"; Value = "Panasonic"; VariantName = "[No Variations]"
Change component parameters (AddParameter): Name = "ManufacturerPartNumber"; Value = "ERJ-6GEYJ103V"; VariantName = "[No Variations]"
Change component parameters (AddParameter): Name = "Max Operating Temperature"; Value = "155°C"; VariantName = "[No Variations]"
Change component parameters (AddParameter): Name = "Min Operating Temperature"; Value = "-55°C"; VariantName = "[No Variations]"
Change component parameters (AddParameter): Name = "Mount"; Value = "SMD"; VariantName = "[No Variations]"
Change component parameters (AddParameter): Name = "Number of Pins"; Value = "2"; VariantName = "[No Variations]"
Change component parameters (AddParameter): Name = "Package Height"; Value = "0.6mm"; VariantName = "[No Variations]"
Change component parameters (AddParameter): Name = "Power Rating"; Value = "125mW"; VariantName = "[No Variations]"
Change component parameters (AddParameter): Name = "Reach SVHC Compliant"; Value = "Unaffected"; VariantName = "[No Variations]"
Change component parameters (AddParameter): Name = "Resistance"; Value = "10k"; VariantName = "[No Variations]"
Change component parameters (AddParameter): Name = "Resistor Type"; Value = "Fixed"; VariantName = "[No Variations]"
Change component parameters (AddParameter): Name = "RoHS3Certificate"; Value = "https://download.siliconexpert.com/pdfs2/2024/6/2/9/59/48/925943/pns_/manual/erj6enf2700v_rohs.pdf"; VariantName = "[No Variations]"
Change component parameters (AddParameter): Name = "RoHS3Compliant"; Value = "Yes (with exeption)"; VariantName = "[No Variations]"
Change component parameters (AddParameter): Name = "Temperature Coefficient (ppm/cel)"; Value = "±200ppm"; VariantName = "[No Variations]"
Change component parameters (AddParameter): Name = "Tolerance"; Value = "5%"; VariantName = "[No Variations]"
Change component parameters (AddParameter): Name = "Voltage Rating"; Value = "150V"; VariantName = "[No Variations]"
Change component parameters: Designator = "R2" ("R2"); Footprint = "RESC1005X40X25LL05T05"; UniqueID = "\FMWBSRNA" ("\FMWBSRNA")
Change component parameters (AddParameter): Name = "Case/Package"; Value = "0805"; VariantName = "[No Variations]"
Change component parameters (AddParameter): Name = "ComponentLinkDescription"; Value = "Datasheet"; VariantName = "[No Variations]"
Change component parameters (AddParameter): Name = "ComponentLinkURL"; Value = "https://octopart.com/erj-6geyj103v-panasonic-55422885"; VariantName = "[No Variations]"
Change component parameters (AddParameter): Name = "Composition"; Value = "Thick Film"; VariantName = "[No Variations]"
Change component parameters (AddParameter): Name = "Contact Plating"; Value = "Tin"; VariantName = "[No Variations]"
Change component parameters (AddParameter): Name = "JESD-609 Code"; Value = ""; VariantName = "[No Variations]"
Change component parameters (AddParameter): Name = "Manufacturer"; Value = "Panasonic"; VariantName = "[No Variations]"
Change component parameters (AddParameter): Name = "ManufacturerPartNumber"; Value = "ERJ-6GEYJ103V"; VariantName = "[No Variations]"
Change component parameters (AddParameter): Name = "Max Operating Temperature"; Value = "155°C"; VariantName = "[No Variations]"
Change component parameters (AddParameter): Name = "Min Operating Temperature"; Value = "-55°C"; VariantName = "[No Variations]"
Change component parameters (AddParameter): Name = "Mount"; Value = "SMD"; VariantName = "[No Variations]"
Change component parameters (AddParameter): Name = "Number of Pins"; Value = "2"; VariantName = "[No Variations]"
Change component parameters (AddParameter): Name = "Package Height"; Value = "0.6mm"; VariantName = "[No Variations]"
Change component parameters (AddParameter): Name = "Power Rating"; Value = "125mW"; VariantName = "[No Variations]"
Change component parameters (AddParameter): Name = "Reach SVHC Compliant"; Value = "Unaffected"; VariantName = "[No Variations]"
Change component parameters (AddParameter): Name = "Resistance"; Value = "10k"; VariantName = "[No Variations]"
Change component parameters (AddParameter): Name = "Resistor Type"; Value = "Fixed"; VariantName = "[No Variations]"
Change component parameters (AddParameter): Name = "RoHS3Certificate"; Value = "https://download.siliconexpert.com/pdfs2/2024/6/2/9/59/48/925943/pns_/manual/erj6enf2700v_rohs.pdf"; VariantName = "[No Variations]"
Change component parameters (AddParameter): Name = "RoHS3Compliant"; Value = "Yes (with exeption)"; VariantName = "[No Variations]"
Change component parameters (AddParameter): Name = "Temperature Coefficient (ppm/cel)"; Value = "±200ppm"; VariantName = "[No Variations]"
Change component parameters (AddParameter): Name = "Tolerance"; Value = "5%"; VariantName = "[No Variations]"
Change component parameters (AddParameter): Name = "Voltage Rating"; Value = "150V"; VariantName = "[No Variations]"
Change component parameters: Designator = "R3" ("R3"); Footprint = "RESC1005X40X25LL05T05"; UniqueID = "\HFZZADWA" ("\HFZZADWA")
Change component parameters (AddParameter): Name = "Case/Package"; Value = "0805"; VariantName = "[No Variations]"
Change component parameters (AddParameter): Name = "ComponentLinkDescription"; Value = "Datasheet"; VariantName = "[No Variations]"
Change component parameters (AddParameter): Name = "ComponentLinkURL"; Value = "https://octopart.com/erj-6geyj103v-panasonic-55422885"; VariantName = "[No Variations]"
Change component parameters (AddParameter): Name = "Composition"; Value = "Thick Film"; VariantName = "[No Variations]"
Change component parameters (AddParameter): Name = "Contact Plating"; Value = "Tin"; VariantName = "[No Variations]"
Change component parameters (AddParameter): Name = "JESD-609 Code"; Value = ""; VariantName = "[No Variations]"
Change component parameters (AddParameter): Name = "Manufacturer"; Value = "Panasonic"; VariantName = "[No Variations]"
Change component parameters (AddParameter): Name = "ManufacturerPartNumber"; Value = "ERJ-6GEYJ103V"; VariantName = "[No Variations]"
Change component parameters (AddParameter): Name = "Max Operating Temperature"; Value = "155°C"; VariantName = "[No Variations]"
Change component parameters (AddParameter): Name = "Min Operating Temperature"; Value = "-55°C"; VariantName = "[No Variations]"
Change component parameters (AddParameter): Name = "Mount"; Value = "SMD"; VariantName = "[No Variations]"
Change component parameters (AddParameter): Name = "Number of Pins"; Value = "2"; VariantName = "[No Variations]"
Change component parameters (AddParameter): Name = "Package Height"; Value = "0.6mm"; VariantName = "[No Variations]"
Change component parameters (AddParameter): Name = "Power Rating"; Value = "125mW"; VariantName = "[No Variations]"
Change component parameters (AddParameter): Name = "Reach SVHC Compliant"; Value = "Unaffected"; VariantName = "[No Variations]"
Change component parameters (AddParameter): Name = "Resistance"; Value = "10k"; VariantName = "[No Variations]"
Change component parameters (AddParameter): Name = "Resistor Type"; Value = "Fixed"; VariantName = "[No Variations]"
Change component parameters (AddParameter): Name = "RoHS3Certificate"; Value = "https://download.siliconexpert.com/pdfs2/2024/6/2/9/59/48/925943/pns_/manual/erj6enf2700v_rohs.pdf"; VariantName = "[No Variations]"
Change component parameters (AddParameter): Name = "RoHS3Compliant"; Value = "Yes (with exeption)"; VariantName = "[No Variations]"
Change component parameters (AddParameter): Name = "Temperature Coefficient (ppm/cel)"; Value = "±200ppm"; VariantName = "[No Variations]"
Change component parameters (AddParameter): Name = "Tolerance"; Value = "5%"; VariantName = "[No Variations]"
Change component parameters (AddParameter): Name = "Voltage Rating"; Value = "150V"; VariantName = "[No Variations]"
Change component parameters: Designator = "R4" ("R4"); Footprint = "RESC1005X40X25LL05T05"; UniqueID = "\NDHPYKVQ" ("\NDHPYKVQ")
Change component parameters (AddParameter): Name = "Case/Package"; Value = "0805"; VariantName = "[No Variations]"
Change component parameters (AddParameter): Name = "ComponentLinkDescription"; Value = "Datasheet"; VariantName = "[No Variations]"
Change component parameters (AddParameter): Name = "ComponentLinkURL"; Value = "https://octopart.com/erj-6geyj103v-panasonic-55422885"; VariantName = "[No Variations]"
Change component parameters (AddParameter): Name = "Composition"; Value = "Thick Film"; VariantName = "[No Variations]"
Change component parameters (AddParameter): Name = "Contact Plating"; Value = "Tin"; VariantName = "[No Variations]"
Change component parameters (AddParameter): Name = "JESD-609 Code"; Value = ""; VariantName = "[No Variations]"
Change component parameters (AddParameter): Name = "Manufacturer"; Value = "Panasonic"; VariantName = "[No Variations]"
Change component parameters (AddParameter): Name = "ManufacturerPartNumber"; Value = "ERJ-6GEYJ103V"; VariantName = "[No Variations]"
Change component parameters (AddParameter): Name = "Max Operating Temperature"; Value = "155°C"; VariantName = "[No Variations]"
Change component parameters (AddParameter): Name = "Min Operating Temperature"; Value = "-55°C"; VariantName = "[No Variations]"
Change component parameters (AddParameter): Name = "Mount"; Value = "SMD"; VariantName = "[No Variations]"
Change component parameters (AddParameter): Name = "Number of Pins"; Value = "2"; VariantName = "[No Variations]"
Change component parameters (AddParameter): Name = "Package Height"; Value = "0.6mm"; VariantName = "[No Variations]"
Change component parameters (AddParameter): Name = "Power Rating"; Value = "125mW"; VariantName = "[No Variations]"
Change component parameters (AddParameter): Name = "Reach SVHC Compliant"; Value = "Unaffected"; VariantName = "[No Variations]"
Change component parameters (AddParameter): Name = "Resistance"; Value = "10k"; VariantName = "[No Variations]"
Change component parameters (AddParameter): Name = "Resistor Type"; Value = "Fixed"; VariantName = "[No Variations]"
Change component parameters (AddParameter): Name = "RoHS3Certificate"; Value = "https://download.siliconexpert.com/pdfs2/2024/6/2/9/59/48/925943/pns_/manual/erj6enf2700v_rohs.pdf"; VariantName = "[No Variations]"
Change component parameters (AddParameter): Name = "RoHS3Compliant"; Value = "Yes (with exeption)"; VariantName = "[No Variations]"
Change component parameters (AddParameter): Name = "Temperature Coefficient (ppm/cel)"; Value = "±200ppm"; VariantName = "[No Variations]"
Change component parameters (AddParameter): Name = "Tolerance"; Value = "5%"; VariantName = "[No Variations]"
Change component parameters (AddParameter): Name = "Voltage Rating"; Value = "150V"; VariantName = "[No Variations]"
Change component parameters: Designator = "R5" ("R5"); Footprint = "RESC1005X40X25LL05T05"; UniqueID = "\VZBPRFCQ" ("\VZBPRFCQ")
Change component parameters (AddParameter): Name = "Case/Package"; Value = "0805"; VariantName = "[No Variations]"
Change component parameters (AddParameter): Name = "ComponentLinkDescription"; Value = "Datasheet"; VariantName = "[No Variations]"
Change component parameters (AddParameter): Name = "ComponentLinkURL"; Value = "https://octopart.com/erj-6geyj103v-panasonic-55422885"; VariantName = "[No Variations]"
Change component parameters (AddParameter): Name = "Composition"; Value = "Thick Film"; VariantName = "[No Variations]"
Change component parameters (AddParameter): Name = "Contact Plating"; Value = "Tin"; VariantName = "[No Variations]"
Change component parameters (AddParameter): Name = "JESD-609 Code"; Value = ""; VariantName = "[No Variations]"
Change component parameters (AddParameter): Name = "Manufacturer"; Value = "Panasonic"; VariantName = "[No Variations]"
Change component parameters (AddParameter): Name = "ManufacturerPartNumber"; Value = "ERJ-6GEYJ103V"; VariantName = "[No Variations]"
Change component parameters (AddParameter): Name = "Max Operating Temperature"; Value = "155°C"; VariantName = "[No Variations]"
Change component parameters (AddParameter): Name = "Min Operating Temperature"; Value = "-55°C"; VariantName = "[No Variations]"
Change component parameters (AddParameter): Name = "Mount"; Value = "SMD"; VariantName = "[No Variations]"
Change component parameters (AddParameter): Name = "Number of Pins"; Value = "2"; VariantName = "[No Variations]"
Change component parameters (AddParameter): Name = "Package Height"; Value = "0.6mm"; VariantName = "[No Variations]"
Change component parameters (AddParameter): Name = "Power Rating"; Value = "125mW"; VariantName = "[No Variations]"
Change component parameters (AddParameter): Name = "Reach SVHC Compliant"; Value = "Unaffected"; VariantName = "[No Variations]"
Change component parameters (AddParameter): Name = "Resistance"; Value = "10k"; VariantName = "[No Variations]"
Change component parameters (AddParameter): Name = "Resistor Type"; Value = "Fixed"; VariantName = "[No Variations]"
Change component parameters (AddParameter): Name = "RoHS3Certificate"; Value = "https://download.siliconexpert.com/pdfs2/2024/6/2/9/59/48/925943/pns_/manual/erj6enf2700v_rohs.pdf"; VariantName = "[No Variations]"
Change component parameters (AddParameter): Name = "RoHS3Compliant"; Value = "Yes (with exeption)"; VariantName = "[No Variations]"
Change component parameters (AddParameter): Name = "Temperature Coefficient (ppm/cel)"; Value = "±200ppm"; VariantName = "[No Variations]"
Change component parameters (AddParameter): Name = "Tolerance"; Value = "5%"; VariantName = "[No Variations]"
Change component parameters (AddParameter): Name = "Voltage Rating"; Value = "150V"; VariantName = "[No Variations]"
Change component parameters: Designator = "R6" ("R6"); Footprint = "RESC1005X40X25LL05T05"; UniqueID = "\ENZDGNUC" ("\ENZDGNUC")
Change component parameters (AddParameter): Name = "Case/Package"; Value = "0805"; VariantName = "[No Variations]"
Change component parameters (AddParameter): Name = "ComponentLinkDescription"; Value = "Datasheet"; VariantName = "[No Variations]"
Change component parameters (AddParameter): Name = "ComponentLinkURL"; Value = "https://octopart.com/erj-6geyj103v-panasonic-55422885"; VariantName = "[No Variations]"
Change component parameters (AddParameter): Name = "Composition"; Value = "Thick Film"; VariantName = "[No Variations]"
Change component parameters (AddParameter): Name = "Contact Plating"; Value = "Tin"; VariantName = "[No Variations]"
Change component parameters (AddParameter): Name = "JESD-609 Code"; Value = ""; VariantName = "[No Variations]"
Change component parameters (AddParameter): Name = "Manufacturer"; Value = "Panasonic"; VariantName = "[No Variations]"
Change component parameters (AddParameter): Name = "ManufacturerPartNumber"; Value = "ERJ-6GEYJ103V"; VariantName = "[No Variations]"
Change component parameters (AddParameter): Name = "Max Operating Temperature"; Value = "155°C"; VariantName = "[No Variations]"
Change component parameters (AddParameter): Name = "Min Operating Temperature"; Value = "-55°C"; VariantName = "[No Variations]"
Change component parameters (AddParameter): Name = "Mount"; Value = "SMD"; VariantName = "[No Variations]"
Change component parameters (AddParameter): Name = "Number of Pins"; Value = "2"; VariantName = "[No Variations]"
Change component parameters (AddParameter): Name = "Package Height"; Value = "0.6mm"; VariantName = "[No Variations]"
Change component parameters (AddParameter): Name = "Power Rating"; Value = "125mW"; VariantName = "[No Variations]"
Change component parameters (AddParameter): Name = "Reach SVHC Compliant"; Value = "Unaffected"; VariantName = "[No Variations]"
Change component parameters (AddParameter): Name = "Resistance"; Value = "10k"; VariantName = "[No Variations]"
Change component parameters (AddParameter): Name = "Resistor Type"; Value = "Fixed"; VariantName = "[No Variations]"
Change component parameters (AddParameter): Name = "RoHS3Certificate"; Value = "https://download.siliconexpert.com/pdfs2/2024/6/2/9/59/48/925943/pns_/manual/erj6enf2700v_rohs.pdf"; VariantName = "[No Variations]"
Change component parameters (AddParameter): Name = "RoHS3Compliant"; Value = "Yes (with exeption)"; VariantName = "[No Variations]"
Change component parameters (AddParameter): Name = "Temperature Coefficient (ppm/cel)"; Value = "±200ppm"; VariantName = "[No Variations]"
Change component parameters (AddParameter): Name = "Tolerance"; Value = "5%"; VariantName = "[No Variations]"
Change component parameters (AddParameter): Name = "Voltage Rating"; Value = "150V"; VariantName = "[No Variations]"
Change component parameters: Designator = "R7" ("R7"); Footprint = "RESC1005X40X25LL05T05"; UniqueID = "\XTNQWAWJ" ("\XTNQWAWJ")
Change component parameters (AddParameter): Name = "Case/Package"; Value = "0805"; VariantName = "[No Variations]"
Change component parameters (AddParameter): Name = "ComponentLinkDescription"; Value = "Datasheet"; VariantName = "[No Variations]"
Change component parameters (AddParameter): Name = "ComponentLinkURL"; Value = "https://octopart.com/erj-6geyj103v-panasonic-55422885"; VariantName = "[No Variations]"
Change component parameters (AddParameter): Name = "Composition"; Value = "Thick Film"; VariantName = "[No Variations]"
Change component parameters (AddParameter): Name = "Contact Plating"; Value = "Tin"; VariantName = "[No Variations]"
Change component parameters (AddParameter): Name = "JESD-609 Code"; Value = ""; VariantName = "[No Variations]"
Change component parameters (AddParameter): Name = "Manufacturer"; Value = "Panasonic"; VariantName = "[No Variations]"
Change component parameters (AddParameter): Name = "ManufacturerPartNumber"; Value = "ERJ-6GEYJ103V"; VariantName = "[No Variations]"
Change component parameters (AddParameter): Name = "Max Operating Temperature"; Value = "155°C"; VariantName = "[No Variations]"
Change component parameters (AddParameter): Name = "Min Operating Temperature"; Value = "-55°C"; VariantName = "[No Variations]"
Change component parameters (AddParameter): Name = "Mount"; Value = "SMD"; VariantName = "[No Variations]"
Change component parameters (AddParameter): Name = "Number of Pins"; Value = "2"; VariantName = "[No Variations]"
Change component parameters (AddParameter): Name = "Package Height"; Value = "0.6mm"; VariantName = "[No Variations]"
Change component parameters (AddParameter): Name = "Power Rating"; Value = "125mW"; VariantName = "[No Variations]"
Change component parameters (AddParameter): Name = "Reach SVHC Compliant"; Value = "Unaffected"; VariantName = "[No Variations]"
Change component parameters (AddParameter): Name = "Resistance"; Value = "10k"; VariantName = "[No Variations]"
Change component parameters (AddParameter): Name = "Resistor Type"; Value = "Fixed"; VariantName = "[No Variations]"
Change component parameters (AddParameter): Name = "RoHS3Certificate"; Value = "https://download.siliconexpert.com/pdfs2/2024/6/2/9/59/48/925943/pns_/manual/erj6enf2700v_rohs.pdf"; VariantName = "[No Variations]"
Change component parameters (AddParameter): Name = "RoHS3Compliant"; Value = "Yes (with exeption)"; VariantName = "[No Variations]"
Change component parameters (AddParameter): Name = "Temperature Coefficient (ppm/cel)"; Value = "±200ppm"; VariantName = "[No Variations]"
Change component parameters (AddParameter): Name = "Tolerance"; Value = "5%"; VariantName = "[No Variations]"
Change component parameters (AddParameter): Name = "Voltage Rating"; Value = "150V"; VariantName = "[No Variations]"
Change component parameters: Designator = "R8" ("R8"); Footprint = "RESC1005X40X25LL05T05"; UniqueID = "\OOTYJTOO" ("\OOTYJTOO")
Change component parameters (AddParameter): Name = "Case/Package"; Value = "0805"; VariantName = "[No Variations]"
Change component parameters (AddParameter): Name = "ComponentLinkDescription"; Value = "Datasheet"; VariantName = "[No Variations]"
Change component parameters (AddParameter): Name = "ComponentLinkURL"; Value = "https://octopart.com/erj-6geyj103v-panasonic-55422885"; VariantName = "[No Variations]"
Change component parameters (AddParameter): Name = "Composition"; Value = "Thick Film"; VariantName = "[No Variations]"
Change component parameters (AddParameter): Name = "Contact Plating"; Value = "Tin"; VariantName = "[No Variations]"
Change component parameters (AddParameter): Name = "JESD-609 Code"; Value = ""; VariantName = "[No Variations]"
Change component parameters (AddParameter): Name = "Manufacturer"; Value = "Panasonic"; VariantName = "[No Variations]"
Change component parameters (AddParameter): Name = "ManufacturerPartNumber"; Value = "ERJ-6GEYJ103V"; VariantName = "[No Variations]"
Change component parameters (AddParameter): Name = "Max Operating Temperature"; Value = "155°C"; VariantName = "[No Variations]"
Change component parameters (AddParameter): Name = "Min Operating Temperature"; Value = "-55°C"; VariantName = "[No Variations]"
Change component parameters (AddParameter): Name = "Mount"; Value = "SMD"; VariantName = "[No Variations]"
Change component parameters (AddParameter): Name = "Number of Pins"; Value = "2"; VariantName = "[No Variations]"
Change component parameters (AddParameter): Name = "Package Height"; Value = "0.6mm"; VariantName = "[No Variations]"
Change component parameters (AddParameter): Name = "Power Rating"; Value = "125mW"; VariantName = "[No Variations]"
Change component parameters (AddParameter): Name = "Reach SVHC Compliant"; Value = "Unaffected"; VariantName = "[No Variations]"
Change component parameters (AddParameter): Name = "Resistance"; Value = "10k"; VariantName = "[No Variations]"
Change component parameters (AddParameter): Name = "Resistor Type"; Value = "Fixed"; VariantName = "[No Variations]"
Change component parameters (AddParameter): Name = "RoHS3Certificate"; Value = "https://download.siliconexpert.com/pdfs2/2024/6/2/9/59/48/925943/pns_/manual/erj6enf2700v_rohs.pdf"; VariantName = "[No Variations]"
Change component parameters (AddParameter): Name = "RoHS3Compliant"; Value = "Yes (with exeption)"; VariantName = "[No Variations]"
Change component parameters (AddParameter): Name = "Temperature Coefficient (ppm/cel)"; Value = "±200ppm"; VariantName = "[No Variations]"
Change component parameters (AddParameter): Name = "Tolerance"; Value = "5%"; VariantName = "[No Variations]"
Change component parameters (AddParameter): Name = "Voltage Rating"; Value = "150V"; VariantName = "[No Variations]"
Change component parameters: Designator = "R9" ("R9"); Footprint = "FP-ERJPB3-MFG"; UniqueID = "\XNKQZZDE" ("\XNKQZZDE")
Change component parameters (AddParameter): Name = "Manufacturer"; Value = "Panasonic"; VariantName = "[No Variations]"
Change component parameters (AddParameter): Name = "Part Number"; Value = "ERJP14F2002U"; VariantName = "[No Variations]"
Change component parameters: Designator = "R10" ("R10"); Footprint = "FP-ERJPB3-MFG"; UniqueID = "\CTRGGPYF" ("\CTRGGPYF")
Change component parameters (AddParameter): Name = "Manufacturer"; Value = "Panasonic"; VariantName = "[No Variations]"
Change component parameters (AddParameter): Name = "Part Number"; Value = "ERJP14F2002U"; VariantName = "[No Variations]"
Change component parameters: Designator = "R11" ("R11"); Footprint = "FP-ERJPB3-MFG"; UniqueID = "\LVYGRYXA" ("\LVYGRYXA")
Change component parameters (AddParameter): Name = "Manufacturer"; Value = "Panasonic"; VariantName = "[No Variations]"
Change component parameters (AddParameter): Name = "Part Number"; Value = "ERJP14F2002U"; VariantName = "[No Variations]"
Change component parameters: Designator = "R12" ("R12"); Footprint = "FP-ERJPB3-MFG"; UniqueID = "\XONLJAJQ" ("\XONLJAJQ")
Change component parameters (AddParameter): Name = "Manufacturer"; Value = "Panasonic"; VariantName = "[No Variations]"
Change component parameters (AddParameter): Name = "Part Number"; Value = "ERJP14F2002U"; VariantName = "[No Variations]"
Added Component: Designator=TERM1(CTB0308_3-Footprint-1)
Add component (AddParameter): Name = "ComponentLinkDescription"; Value = "Datasheet"; VariantName = "[No Variations]"
Add component (AddParameter): Name = "ComponentLinkURL"; Value = "https://datasheet.ciiva.com/pdfs/VipMasterIC/IC/CAME/CAMES00005/CAMES00005-1.pdf?src-supplier=IHS+Markit"; VariantName = "[No Variations]"
Add component (AddParameter): Name = "ConnectorType"; Value = "Terminal Block"; VariantName = "[No Variations]"
Add component (AddParameter): Name = "Current Rating"; Value = "10A"; VariantName = "[No Variations]"
Add component (AddParameter): Name = "Jack/Receptacle"; Value = "Receptacle"; VariantName = "[No Variations]"
Add component (AddParameter): Name = "Manufacturer"; Value = "CAMDENBOSS"; VariantName = "[No Variations]"
Add component (AddParameter): Name = "Manufacturer Series"; Value = "CTB0308"; VariantName = "[No Variations]"
Add component (AddParameter): Name = "ManufacturerPartNumber"; Value = "CTB0308_3"; VariantName = "[No Variations]"
Add component (AddParameter): Name = "Maximum Operating Temperature"; Value = "110°C"; VariantName = "[No Variations]"
Add component (AddParameter): Name = "Minimum Operating Temperature"; Value = "0°C"; VariantName = "[No Variations]"
Add component (AddParameter): Name = "MountingType"; Value = "TH"; VariantName = "[No Variations]"
Add component (AddParameter): Name = "Number of Rows"; Value = "1"; VariantName = "[No Variations]"
Add component (AddParameter): Name = "Number of Ways"; Value = "3"; VariantName = "[No Variations]"
Add component (AddParameter): Name = "REACHStatement"; Value = "No"; VariantName = "[No Variations]"
Add component (AddParameter): Name = "RoHS3Certificate"; Value = "Yes"; VariantName = "[No Variations]"
Add component (AddParameter): Name = "RoHS3Compliant"; Value = "Yes"; VariantName = "[No Variations]"
Add component (AddParameter): Name = "Terminal and Terminal Block Type"; Value = "BARRIER STRIP TERMINAL BLOCK"; VariantName = "[No Variations]"
Add component (AddParameter): Name = "VoltageRating"; Value = "130V"; VariantName = "[No Variations]"
Added Component: Designator=TERM2(CTB0308_3-Footprint-1)
Add component (AddParameter): Name = "ComponentLinkDescription"; Value = "Datasheet"; VariantName = "[No Variations]"
Add component (AddParameter): Name = "ComponentLinkURL"; Value = "https://datasheet.ciiva.com/pdfs/VipMasterIC/IC/CAME/CAMES00005/CAMES00005-1.pdf?src-supplier=IHS+Markit"; VariantName = "[No Variations]"
Add component (AddParameter): Name = "ConnectorType"; Value = "Terminal Block"; VariantName = "[No Variations]"
Add component (AddParameter): Name = "Current Rating"; Value = "10A"; VariantName = "[No Variations]"
Add component (AddParameter): Name = "Jack/Receptacle"; Value = "Receptacle"; VariantName = "[No Variations]"
Add component (AddParameter): Name = "Manufacturer"; Value = "CAMDENBOSS"; VariantName = "[No Variations]"
Add component (AddParameter): Name = "Manufacturer Series"; Value = "CTB0308"; VariantName = "[No Variations]"
Add component (AddParameter): Name = "ManufacturerPartNumber"; Value = "CTB0308_3"; VariantName = "[No Variations]"
Add component (AddParameter): Name = "Maximum Operating Temperature"; Value = "110°C"; VariantName = "[No Variations]"
Add component (AddParameter): Name = "Minimum Operating Temperature"; Value = "0°C"; VariantName = "[No Variations]"
Add component (AddParameter): Name = "MountingType"; Value = "TH"; VariantName = "[No Variations]"
Add component (AddParameter): Name = "Number of Rows"; Value = "1"; VariantName = "[No Variations]"
Add component (AddParameter): Name = "Number of Ways"; Value = "3"; VariantName = "[No Variations]"
Add component (AddParameter): Name = "REACHStatement"; Value = "No"; VariantName = "[No Variations]"
Add component (AddParameter): Name = "RoHS3Certificate"; Value = "Yes"; VariantName = "[No Variations]"
Add component (AddParameter): Name = "RoHS3Compliant"; Value = "Yes"; VariantName = "[No Variations]"
Add component (AddParameter): Name = "Terminal and Terminal Block Type"; Value = "BARRIER STRIP TERMINAL BLOCK"; VariantName = "[No Variations]"
Add component (AddParameter): Name = "VoltageRating"; Value = "130V"; VariantName = "[No Variations]"
Added Pin To Net: NetName=M1_NEG Pin=TERM1-1
Added Pin To Net: NetName=M1_POS Pin=TERM1-2
Added Pin To Net: NetName=BAT_RETURN Pin=TERM2-1
Added Pin To Net: NetName=M2_POS Pin=TERM2-2
Added Pin To Net: NetName=M2_NEG Pin=TERM2-3
Added Pin To Net: NetName=+12 Pin=BAT-P
Added Pin To Net: NetName=+12 Pin=J1-1
Added Pin To Net: NetName=+12 Pin=TERM1-3
Added Net: Name=+12
Added Member To Class: ClassName=esp32 Member=Component TERM1 CTB0308/3
Added Member To Class: ClassName=esp32 Member=Component TERM2 CTB0308/3
Added Rule: Name=Schematic Supply Nets_1
