Change Component Designator: OldDesignator=12V_OUT NewDesignator=12V_DRIVE
Change Component Designator: OldDesignator=12V_REG NewDesignator=12V_PI
Added Component: Designator=C6(FP-0402B104K500CT-IPC_C)
Add component (AddParameter): Name = "Capacitance"; Value = "100nF"; VariantName = "[No Variations]"
Add component (AddParameter): Name = "Case Code (Imperial)"; Value = "0402"; VariantName = "[No Variations]"
Add component (AddParameter): Name = "Case Code (Metric)"; Value = "1005"; VariantName = "[No Variations]"
Add component (AddParameter): Name = "Case/Package"; Value = "0402"; VariantName = "[No Variations]"
Add component (AddParameter): Name = "Max Operating Temperature"; Value = "125°C"; VariantName = "[No Variations]"
Add component (AddParameter): Name = "Min Operating Temperature"; Value = "-55°C"; VariantName = "[No Variations]"
Add component (AddParameter): Name = "Mount"; Value = "Surface Mount"; VariantName = "[No Variations]"
Add component (AddParameter): Name = "Packaging"; Value = "Cut Tape"; VariantName = "[No Variations]"
Add component (AddParameter): Name = "RoHS Compliant"; Value = "Yes"; VariantName = "[No Variations]"
Add component (AddParameter): Name = "Series"; Value = "-"; VariantName = "[No Variations]"
Add component (AddParameter): Name = "Tolerance"; Value = "10%"; VariantName = "[No Variations]"
Add component (AddParameter): Name = "Voltage Rating"; Value = "50V"; VariantName = "[No Variations]"
Added Component: Designator=I2C(CONN_A-7478-04A_MOL)
Add component (AddParameter): Name = "Availability"; Value = "Unavailable"; VariantName = "[No Variations]"
Add component (AddParameter): Name = "MF"; Value = ""; VariantName = "[No Variations]"
Add component (AddParameter): Name = "MP"; Value = "22122044"; VariantName = "[No Variations]"
Add component (AddParameter): Name = "Package"; Value = "None"; VariantName = "[No Variations]"
Add component (AddParameter): Name = "Price"; Value = "None"; VariantName = "[No Variations]"
Add component (AddParameter): Name = "Value"; Value = ""; VariantName = "[No Variations]"
Added Component: Designator=J4(CONN_A-7478-04A_MOL)
Add component (AddParameter): Name = "Availability"; Value = "Unavailable"; VariantName = "[No Variations]"
Add component (AddParameter): Name = "MF"; Value = ""; VariantName = "[No Variations]"
Add component (AddParameter): Name = "MP"; Value = "22122044"; VariantName = "[No Variations]"
Add component (AddParameter): Name = "Package"; Value = "None"; VariantName = "[No Variations]"
Add component (AddParameter): Name = "Price"; Value = "None"; VariantName = "[No Variations]"
Add component (AddParameter): Name = "Value"; Value = ""; VariantName = "[No Variations]"
Add Pin To Net: Unknown Pin: Pin 12V_DRIVE-1
Added Pin To Net: NetName=GND Pin=C6-1
Added Pin To Net: NetName=5V_ESP32 Pin=C6-2
Added Pin To Net: NetName=5V_ESP32 Pin=I2C-1
Added Pin To Net: NetName=SDA Pin=I2C-2
Added Pin To Net: NetName=SCL Pin=I2C-3
Added Pin To Net: NetName=3V3 Pin=I2C-4
Added Pin To Net: NetName=M1_ENC_A Pin=U1-19
Added Pin To Net: NetName=M1_ENC_B Pin=U1-20
Added Pin To Net: NetName=M2_ENC_B Pin=U1-21
Added Pin To Net: NetName=M2_ENC_A Pin=U1-22
Added Pin To Net: NetName=SPARE_1 Pin=J4-1
Added Pin To Net: NetName=SPARE_1 Pin=U1-28
Added Net: Name=SPARE_1
Added Pin To Net: NetName=SPARE_2 Pin=J4-2
Added Pin To Net: NetName=SPARE_2 Pin=U1-27
Added Net: Name=SPARE_2
Added Pin To Net: NetName=SPARE_3 Pin=J4-3
Added Pin To Net: NetName=SPARE_3 Pin=U1-26
Added Net: Name=SPARE_3
Added Pin To Net: NetName=SPARE_4 Pin=J4-4
Added Pin To Net: NetName=SPARE_4 Pin=U1-25
Added Net: Name=SPARE_4
Added Member To Class: ClassName=esp32 Member=Component C6 100 nF
Added Member To Class: ClassName=esp32 Member=Component I2C 22122044
Added Member To Class: ClassName=esp32 Member=Component J4 22122044
